{
  "RSpec": {
    "coverage": {
      "/home/mackdalton/tic-tac-toe-rb-v-000/lib/tic_tac_toe.rb": [
        null,
        1,
        null,
        null,
        null,
        null,
        null,
        null,
        null,
        null,
        null,
        1,
        1,
        7,
        7,
        7,
        7,
        7,
        null,
        null,
        1,
        5,
        null,
        null,
        1,
        4,
        null,
        null,
        1,
        9,
        6,
        3,
        3,
        null,
        0,
        null,
        null,
        null,
        1,
        5,
        1,
        4,
        2,
        null,
        null,
        null,
        null,
        1,
        2,
        2,
        2,
        2,
        1,
        null,
        null,
        1,
        null,
        2,
        null,
        null,
        1,
        3,
        3,
        27,
        5,
        null,
        null,
        3,
        null,
        null,
        1,
        2,
        2,
        null,
        0,
        null,
        null,
        null,
        1,
        6,
        43,
        3,
        40,
        0,
        null,
        null,
        3,
        null,
        null,
        null,
        1,
        23,
        null,
        null,
        1,
        5,
        1,
        null,
        4,
        null,
        null
      ]
    },
    "timestamp": 1596662024
  }
}
