{
  "RSpec": {
    "coverage": {
      "/home/mackdalton/tic-tac-toe-rb-v-000/lib/tic_tac_toe.rb": [
        null,
        1,
        null,
        null,
        null,
        null,
        null,
        null,
        null,
        null,
        null,
        1,
        1,
        7,
        7,
        7,
        7,
        7,
        null,
        null,
        1,
        5,
        null,
        null,
        1,
        4,
        null,
        null,
        1,
        9,
        6,
        3,
        3,
        null,
        0,
        null,
        null,
        null,
        1,
        5,
        1,
        4,
        2,
        null,
        null,
        null,
        null,
        1,
        2,
        2,
        2,
        2,
        1,
        null,
        null,
        1,
        null,
        2,
        null,
        null,
        1,
        3,
        3,
        27,
        5,
        null,
        null,
        3,
        null,
        null,
        1,
        2,
        2,
        null,
        0,
        null,
        null,
        null,
        1,
        11,
        79,
        5,
        74,
        0,
        null,
        null,
        6,
        null,
        null,
        null,
        1,
        36,
        null,
        null,
        1,
        8,
        2,
        null,
        6,
        null,
        null,
        null,
        1,
        3,
        1,
        2,
        0,
        null,
        2,
        null,
        null
      ]
    },
    "timestamp": 1596662189
  }
}
